Check online on how to fix this error 
Exception in Tkinter callback
Traceback (most recent call last):
  File "C:\PROGRAMMING\CHAPEL\ATTENDANCE SOFTWARE\gui\absentees\printabs.py", line 184, in _save_absentee_file
    ctk.CTkMessagebox.showinfo("Success", f"Absentees report saved to:\n{file_path}")
    ^^^^^^^^^^^^^^^^^
AttributeError: module 'customtkinter' has no attribute 'CTkMessagebox'

During handling of the above exception, another exception occurred:

Traceback (most recent call last):
  File "C:\Users\user\AppData\Local\Programs\Python\Python313\Lib\tkinter\__init__.py", line 2068, in __call__
    return self.func(*args)
           ~~~~~~~~~^^^^^^^
  File "C:\Users\user\AppData\Local\Programs\Python\Python313\Lib\site-packages\customtkinter\windows\widgets\ctk_button.py", line 554, in _clicked
    self._command()
    ~~~~~~~~~~~~~^^
  File "C:\PROGRAMMING\CHAPEL\ATTENDANCE SOFTWARE\gui\absentees\printabs.py", line 160, in _on_extract_absentees
    self._save_absentee_file(absentee_df)
    ~~~~~~~~~~~~~~~~~~~~~~~~^^^^^^^^^^^^^
  File "C:\PROGRAMMING\CHAPEL\ATTENDANCE SOFTWARE\gui\absentees\printabs.py", line 186, in _save_absentee_file
    ctk.CTkMessagebox.showerror("Error", f"Failed to save file: {e}")
    ^^^^^^^^^^^^^^^^^
AttributeError: module 'customtkinter' has no attribute 'CTkMessagebox'


return Path(os.environ['USERPROFILE']) / "Documents"